<?xml version="1.0" encoding="UTF-8"?>
<robot generator="Robot 3.2.2 (Python 3.8.5 on win32)" generated="20210118 21:17:06.057" rpa="false">
<suite id="s1" name="Login" source="C:\Users\User\Documents\cursos\Robot\qaminds_rf_2021\QAMinds_RF_05\login.robot">
<test id="s1-t1" name="Test case demoqa">
<kw name="ChromeDriver Setup" library="driver_setup" type="setup">
<kw name="Split Path" library="OperatingSystem">
<doc>Splits the given path from the last path separator (``/`` or ``\``).</doc>
<arguments>
<arg>C:\\Users\\User\\Documents\\cursos\\Robot\\qaminds_rf_2021\\QAMinds_RF_05</arg>
</arguments>
<assign>
<var>${parent_path}</var>
<var>${dir}</var>
</assign>
<msg timestamp="20210118 21:17:08.588" level="INFO">${parent_path} = C:\Users\User\Documents\cursos\Robot\qaminds_rf_2021</msg>
<msg timestamp="20210118 21:17:08.588" level="INFO">${dir} = QAMinds_RF_05</msg>
<status status="PASS" starttime="20210118 21:17:08.588" endtime="20210118 21:17:08.588"></status>
</kw>
<kw name="Create Webdriver" library="SeleniumLibrary">
<doc>Creates an instance of Selenium WebDriver.</doc>
<arguments>
<arg>Chrome</arg>
<arg>executable_path=${parent_path}\\drivers\\chromedriver.exe</arg>
</arguments>
<msg timestamp="20210118 21:17:08.588" level="INFO">Creating an instance of the Chrome WebDriver.</msg>
<status status="PASS" starttime="20210118 21:17:08.588" endtime="20210118 21:17:13.021"></status>
</kw>
<kw name="Maximize Browser Window" library="SeleniumLibrary">
<doc>Maximizes current browser window.</doc>
<status status="PASS" starttime="20210118 21:17:13.021" endtime="20210118 21:17:15.223"></status>
</kw>
<kw name="Set Selenium Timeout" library="SeleniumLibrary">
<doc>Sets the timeout that is used by various keywords.</doc>
<arguments>
<arg>5</arg>
</arguments>
<status status="PASS" starttime="20210118 21:17:15.224" endtime="20210118 21:17:15.225"></status>
</kw>
<kw name="Set Selenium Speed" library="SeleniumLibrary">
<doc>Sets the delay that is waited after each Selenium command.</doc>
<arguments>
<arg>2 seconds</arg>
</arguments>
<status status="PASS" starttime="20210118 21:17:15.225" endtime="20210118 21:17:15.225"></status>
</kw>
<status status="PASS" starttime="20210118 21:17:08.587" endtime="20210118 21:17:15.225"></status>
</kw>
<kw name="Go To" library="SeleniumLibrary">
<doc>Navigates the current browser window to the provided ``url``.</doc>
<arguments>
<arg>https://demoqa.com/login</arg>
</arguments>
<msg timestamp="20210118 21:17:15.225" level="INFO">Opening url 'https://demoqa.com/login'</msg>
<status status="PASS" starttime="20210118 21:17:15.225" endtime="20210118 21:17:21.455"></status>
</kw>
<kw name="Wait Until Element Is Visible" library="SeleniumLibrary">
<doc>Waits until the element ``locator`` is visible.</doc>
<arguments>
<arg>id:userName</arg>
</arguments>
<status status="PASS" starttime="20210118 21:17:21.459" endtime="20210118 21:17:25.561"></status>
</kw>
<kw name="Wait Until Element Is Visible" library="SeleniumLibrary">
<doc>Waits until the element ``locator`` is visible.</doc>
<arguments>
<arg>id:password</arg>
</arguments>
<status status="PASS" starttime="20210118 21:17:25.561" endtime="20210118 21:17:29.633"></status>
</kw>
<kw name="Input Text" library="SeleniumLibrary">
<doc>Types the given ``text`` into the text field identified by ``locator``.</doc>
<arguments>
<arg>id:userName</arg>
<arg>Luz Maria</arg>
</arguments>
<msg timestamp="20210118 21:17:29.635" level="INFO">Typing text 'Luz Maria' into text field 'id:userName'.</msg>
<status status="PASS" starttime="20210118 21:17:29.635" endtime="20210118 21:17:35.940"></status>
</kw>
<kw name="Input Text" library="SeleniumLibrary">
<doc>Types the given ``text`` into the text field identified by ``locator``.</doc>
<arguments>
<arg>id:password</arg>
<arg>Carrillo</arg>
</arguments>
<msg timestamp="20210118 21:17:35.942" level="INFO">Typing text 'Carrillo' into text field 'id:password'.</msg>
<status status="PASS" starttime="20210118 21:17:35.941" endtime="20210118 21:17:42.221"></status>
</kw>
<kw name="Click Button" library="SeleniumLibrary">
<doc>Clicks the button identified by ``locator``.</doc>
<arguments>
<arg>id:login</arg>
</arguments>
<msg timestamp="20210118 21:17:42.221" level="INFO">Clicking button 'id:login'.</msg>
<status status="PASS" starttime="20210118 21:17:42.221" endtime="20210118 21:17:52.410"></status>
</kw>
<kw name="ChromeDriver Close" library="driver_setup" type="teardown">
<kw name="Close Browser" library="SeleniumLibrary">
<doc>Closes the current browser.</doc>
<status status="PASS" starttime="20210118 21:17:52.444" endtime="20210118 21:17:56.788"></status>
</kw>
<status status="PASS" starttime="20210118 21:17:52.440" endtime="20210118 21:17:56.790"></status>
</kw>
<status status="PASS" starttime="20210118 21:17:08.583" endtime="20210118 21:17:56.791" critical="yes"></status>
</test>
<status status="PASS" starttime="20210118 21:17:06.070" endtime="20210118 21:17:56.848"></status>
</suite>
<statistics>
<total>
<stat pass="1" fail="0">Critical Tests</stat>
<stat pass="1" fail="0">All Tests</stat>
</total>
<tag>
</tag>
<suite>
<stat pass="1" fail="0" id="s1" name="Login">Login</stat>
</suite>
</statistics>
<errors>
</errors>
</robot>
